<?xml version="1.0" encoding="UTF-8"?>
<!-- Generated by org.testng.reporters.JUnitXMLReporter -->
<testsuite ignored="6" hostname="XIPL0448" failures="0" tests="2" name="Chrome Test" time="7.6" errors="0" timestamp="25 May 2018 13:26:28 GMT">
  <testcase classname="com.gi.de.full.testsuites.development.Login" name="LoginScreen_ApplicationUrl" time="0.186"/>
  <testcase classname="com.gi.de.full.testsuites.development.Login2" name="LoginScreen_ApplicationUrl1" time="0.222"/>
  <testcase classname="com.gi.de.full.testsuites.development.Login2" name="loginScreen_ValidUser_ProductionStaff1" time="0.0">
    <ignored/>
  </testcase> <!-- loginScreen_ValidUser_ProductionStaff1 -->
  <testcase classname="com.gi.de.full.testsuites.development.Login2" name="loginScreen_ValidUser_OperationManager1" time="0.0">
    <ignored/>
  </testcase> <!-- loginScreen_ValidUser_OperationManager1 -->
  <testcase classname="com.gi.de.base.BaseTestCase" name="@AfterTest endTest" time="0.0">
    <ignored/>
  </testcase> <!-- @AfterTest endTest -->
  <testcase classname="com.gi.de.base.BaseTestCase" name="@BeforeTest test" time="0.0">
    <ignored/>
  </testcase> <!-- @BeforeTest test -->
  <testcase classname="com.gi.de.full.testsuites.development.Login" name="loginScreen_ValidUser_OperationManager" time="0.0">
    <ignored/>
  </testcase> <!-- loginScreen_ValidUser_OperationManager -->
  <testcase classname="com.gi.de.full.testsuites.development.Login" name="loginScreen_ValidUser_ProductionStaff" time="0.0">
    <ignored/>
  </testcase> <!-- loginScreen_ValidUser_ProductionStaff -->
</testsuite> <!-- Chrome Test -->
