<?xml version="1.0" encoding="UTF-8"?>
<!-- Generated by org.testng.reporters.JUnitXMLReporter -->
<testsuite ignored="1" hostname="XIPL0448" failures="1" tests="1" name="ChromeTest" time="0.188" errors="0" timestamp="25 May 2018 12:41:40 GMT">
  <testcase classname="com.gi.de.full.testsuites.development.Login" name="LoginScreen_ApplicationUrl" time="0.171">
    <failure type="java.lang.NullPointerException">
      <![CDATA[java.lang.NullPointerException
at com.google.common.base.Preconditions.checkNotNull(Preconditions.java:882)
at org.openqa.selenium.support.ui.FluentWait.<init>(FluentWait.java:104)
at org.openqa.selenium.support.ui.WebDriverWait.<init>(WebDriverWait.java:71)
at org.openqa.selenium.support.ui.WebDriverWait.<init>(WebDriverWait.java:45)
at com.gi.de.base.BaseTestPage.isPageLoaded(BaseTestPage.java:12)
at com.gi.de.full.pages.LoginPage.waitForPageToLoad(LoginPage.java:47)
at com.gi.de.full.testsuites.development.Login.LoginScreen_ApplicationUrl(Login.java:24)
... Removed 25 stack frames]]>
    </failure>
  </testcase> <!-- LoginScreen_ApplicationUrl -->
  <testcase classname="com.gi.de.full.testsuites.development.Login" name="LoginScreen_ApplicationUrl2" time="0.0">
    <ignored/>
  </testcase> <!-- LoginScreen_ApplicationUrl2 -->
</testsuite> <!-- ChromeTest -->
